<?xml version="1.0" encoding="UTF-8"?>
<!-- Generated by org.testng.reporters.JUnitReportReporter -->
<testsuite skipped="0" hostname="CSPLAP0126" name="com.vhm.qa.testcases.LoginPageTest" tests="2" failures="0" timestamp="30 12 2020 09:51:29 GMT" time="23.885" errors="0">
  <testcase name="loginPageTitleTest" time="10.107" classname="com.vhm.qa.testcases.LoginPageTest"/>
  <testcase name="loginTest" time="13.778" classname="com.vhm.qa.testcases.LoginPageTest"/>
</testsuite> <!-- com.vhm.qa.testcases.LoginPageTest -->
